INFO: "Logged out successfully" at 12:28:11 Friday, 03 December 2021 DESKTOP-BB512UN * 
INFO: {"Email":"employeeMotionSoftware@test.test","Password":"employeeMotionSoftware"} at 12:28:47 Friday, 03 December 2021 DESKTOP-BB512UN * 
INFO: "Logged out successfully" at 13:45:20 Friday, 03 December 2021 DESKTOP-BB512UN * 
INFO: {"Email":"administrator@test.test","Password":"administrator"} at 13:45:37 Friday, 03 December 2021 DESKTOP-BB512UN * 
INFO: "Logged out successfully" at 15:44:44 Friday, 03 December 2021 DESKTOP-BB512UN * 
INFO: {"Email":"administrator@test.test","Password":"administrator"} at 15:44:48 Friday, 03 December 2021 DESKTOP-BB512UN * 
INFO: "Logged out successfully" at 16:11:10 Friday, 03 December 2021 DESKTOP-BB512UN * 
INFO: {"Email":"employeeMotionSoftware@test.test","Password":"employeeMotionSoftware"} at 16:11:19 Friday, 03 December 2021 DESKTOP-BB512UN * 
INFO: "Entering GetAll action" at 17:22:10 Friday, 03 December 2021 DESKTOP-BB512UN * 
INFO: "Entering GetAll action" at 17:22:16 Friday, 03 December 2021 DESKTOP-BB512UN * 
INFO: "Entering GetAll action" at 17:24:26 Friday, 03 December 2021 DESKTOP-BB512UN * 
INFO: "Entering GetAll action" at 17:31:32 Friday, 03 December 2021 DESKTOP-BB512UN * 
INFO: "Entering GetAll action" at 17:31:43 Friday, 03 December 2021 DESKTOP-BB512UN * 
INFO: "Entering GetAll action" at 17:38:51 Friday, 03 December 2021 DESKTOP-BB512UN * 
INFO: "Entering GetAll action" at 17:38:57 Friday, 03 December 2021 DESKTOP-BB512UN * 
INFO: "Entering GetAll action" at 17:39:25 Friday, 03 December 2021 DESKTOP-BB512UN * 
INFO: "Entering GetAll action" at 17:40:02 Friday, 03 December 2021 DESKTOP-BB512UN * 
INFO: "Entering GetAll action" at 17:40:09 Friday, 03 December 2021 DESKTOP-BB512UN * 
INFO: "Entering GetAll action" at 17:42:01 Friday, 03 December 2021 DESKTOP-BB512UN * 
INFO: "Entering GetAll action" at 17:44:57 Friday, 03 December 2021 DESKTOP-BB512UN * 
INFO: "Entering GetAll action" at 17:45:07 Friday, 03 December 2021 DESKTOP-BB512UN * 
INFO: "Logged out successfully" at 17:57:47 Friday, 03 December 2021 DESKTOP-BB512UN * 
INFO: {"Email":"ownerMotionSoftware@test.test","Password":"ownerMotionSoftware"} at 17:57:56 Friday, 03 December 2021 DESKTOP-BB512UN * 
