warn: Microsoft.EntityFrameworkCore.Model.Validation[10622]
      Entity 'Coach' has a global query filter defined and is the required end of a relationship with the entity 'CompanyCoach'. This may lead to unexpected results when the required entity is filtered out. Either configure the navigation as optional, or define matching query filters for both entities in the navigation. See https://go.microsoft.com/fwlink/?linkid=2131316 for more information.
warn: Microsoft.EntityFrameworkCore.Model.Validation[10622]
      Entity 'Company' has a global query filter defined and is the required end of a relationship with the entity 'CompanyCourse'. This may lead to unexpected results when the required entity is filtered out. Either configure the navigation as optional, or define matching query filters for both entities in the navigation. See https://go.microsoft.com/fwlink/?linkid=2131316 for more information.
warn: Microsoft.EntityFrameworkCore.Model.Validation[10622]
      Entity 'ApplicationUser' has a global query filter defined and is the required end of a relationship with the entity 'RefreshToken'. This may lead to unexpected results when the required entity is filtered out. Either configure the navigation as optional, or define matching query filters for both entities in the navigation. See https://go.microsoft.com/fwlink/?linkid=2131316 for more information.
warn: Microsoft.EntityFrameworkCore.Model.Validation[10622]
      Entity 'ApplicationUser' has a global query filter defined and is the required end of a relationship with the entity 'UserInCourse'. This may lead to unexpected results when the required entity is filtered out. Either configure the navigation as optional, or define matching query filters for both entities in the navigation. See https://go.microsoft.com/fwlink/?linkid=2131316 for more information.
warn: Microsoft.EntityFrameworkCore.Model.Validation[30000]
      No type was specified for the decimal property 'Price' on entity type 'Coach'. This will cause values to be silently truncated if they do not fit in the default precision and scale. Explicitly specify the SQL server column type that can accommodate all the values in 'OnModelCreating' using 'HasColumnType()', specify precision and scale using 'HasPrecision()' or configure a value converter using 'HasConversion()'.
warn: Microsoft.EntityFrameworkCore.Model.Validation[30000]
      No type was specified for the decimal property 'Price' on entity type 'Course'. This will cause values to be silently truncated if they do not fit in the default precision and scale. Explicitly specify the SQL server column type that can accommodate all the values in 'OnModelCreating' using 'HasColumnType()', specify precision and scale using 'HasPrecision()' or configure a value converter using 'HasConversion()'.
info: UpSkill.Data.Seeding.ApplicationDbContextSeeder[0]
      Seeder RolesSeeder done.
info: UpSkill.Data.Seeding.ApplicationDbContextSeeder[0]
      Seeder CompaniesSeeder done.
info: UpSkill.Data.Seeding.ApplicationDbContextSeeder[0]
      Seeder CategoriesSeeder done.
info: UpSkill.Data.Seeding.ApplicationDbContextSeeder[0]
      Seeder CoachesSeeder done.
info: UpSkill.Data.Seeding.ApplicationDbContextSeeder[0]
      Seeder CoursesSeeder done.
info: UpSkill.Data.Seeding.ApplicationDbContextSeeder[0]
      Seeder PositionsSeeder done.
info: UpSkill.Data.Seeding.ApplicationDbContextSeeder[0]
      Seeder UsersSeeder done.
info: Microsoft.Hosting.Lifetime[0]
      Application started. Press Ctrl+C to shut down.
info: Microsoft.Hosting.Lifetime[0]
      Hosting environment: Development
info: Microsoft.Hosting.Lifetime[0]
      Content root path: H:\Programming Repositories\Titans\Web\UpSkill.Web
warn: Microsoft.AspNetCore.Identity.UserManager[0]
      Invalid password for user.
fail: Microsoft.AspNetCore.Diagnostics.DeveloperExceptionPageMiddleware[1]
      An unhandled exception has occurred while executing the request.
      System.ArgumentException: Email or password is incorrect.
         at UpSkill.Services.Identity.IdentityService.LoginAsync(LoginRequestM